17:50:14: Creating resource group General
17:50:14: Creating resource group Internal
17:50:14: Creating resource group Autodetect
17:50:14: Registering ResourceManager for type Mesh
17:50:14: Registering ResourceManager for type Material
17:50:14: Registering ResourceManager for type Skeleton
17:50:14: XMLMeshSerializer reading mesh data from tree2.mesh.xml...
17:50:14: Reading submeshes...
17:50:14: Reading geometry...
17:50:14: Geometry done...
17:50:14: Reading geometry...
17:50:14: Geometry done...
17:50:14: Submeshes done.
17:50:14: XMLMeshSerializer import successful.
17:50:14: Reorganising vertex buffers to automatic layout..
17:50:14: MeshSerializer writing mesh data to tree2.mesh...
17:50:14: File header written.
17:50:14: Writing mesh data...
17:50:14: Writing submesh...
17:50:14: Exporting submesh texture aliases...
17:50:14: Submesh texture aliases exported.
17:50:14: Submesh exported.
17:50:14: Writing submesh...
17:50:14: Exporting submesh texture aliases...
17:50:14: Submesh texture aliases exported.
17:50:14: Submesh exported.
17:50:14: Exporting bounds information....
17:50:14: Bounds information exported.
17:50:14: Exporting submesh name table...
17:50:14: Submesh name table exported.
17:50:14: Exporting edge lists...
17:50:14: Edge lists exported
17:50:14: Mesh data exported.
17:50:14: MeshSerializer export successful.
17:50:14: Unregistering ResourceManager for type Skeleton
17:50:14: Unregistering ResourceManager for type Material
17:50:14: Unregistering ResourceManager for type Mesh
